[Licensing::Module] Trying to connect to existing licensing client channel...
Built from '6000.2/respin/6000.2.8f1-e4064264ae96' branch; Version is '6000.2.8f1 (c9992ac36c34) revision 13211946'; Using compiler version '194234433'; Build Type 'Release'
[Licensing::IpcConnector] Successfully connected to: "LicenseClient-alex008c" at "2025-10-24T06:05:28.1917849Z"
OS: 'Windows 11  (10.0.26100) 64bit Professional' Language: 'en' Physical Memory: 28565 MB
BatchMode: 1, IsHumanControllingUs: 0, StartBugReporterOnCrash: 0, Is64bit: 1
Date: 2025-10-24T06:05:28Z

COMMAND LINE ARGUMENTS:
C:\Program Files\Unity\Hub\Editor\6000.2.8f1\Editor\Unity.exe
-adb2
-batchMode
-noUpm
-name
AssetImportWorker0
-projectPath
D:/Documents 2/Programacion/ProyectosUni/Tanques
-logFile
Logs/AssetImportWorker0.log
-srvPort
58177
-licensingIpc
LicenseClient-alex008c
-job-worker-count
5
-background-job-worker-count
8
-gc-helper-count
1
-name
AssetImport
Successfully changed project path to: D:/Documents 2/Programacion/ProyectosUni/Tanques
D:/Documents 2/Programacion/ProyectosUni/Tanques
[UnityMemory] Configuration Parameters - Can be set up in boot.config
    "memorysetup-allocator-temp-initial-block-size-main=262144"
    "memorysetup-allocator-temp-initial-block-size-worker=262144"
    "memorysetup-bucket-allocator-granularity=16"
    "memorysetup-bucket-allocator-bucket-count=8"
    "memorysetup-bucket-allocator-block-size=33554432"
    "memorysetup-bucket-allocator-block-count=8"
    "memorysetup-main-allocator-block-size=16777216"
    "memorysetup-thread-allocator-block-size=16777216"
    "memorysetup-gfx-main-allocator-block-size=16777216"
    "memorysetup-gfx-thread-allocator-block-size=16777216"
    "memorysetup-cache-allocator-block-size=4194304"
    "memorysetup-typetree-allocator-block-size=2097152"
    "memorysetup-profiler-bucket-allocator-granularity=16"
    "memorysetup-profiler-bucket-allocator-bucket-count=8"
    "memorysetup-profiler-bucket-allocator-block-size=33554432"
    "memorysetup-profiler-bucket-allocator-block-count=8"
    "memorysetup-profiler-allocator-block-size=16777216"
    "memorysetup-profiler-editor-allocator-block-size=1048576"
    "memorysetup-temp-allocator-size-main=16777216"
    "memorysetup-job-temp-allocator-block-size=2097152"
    "memorysetup-job-temp-allocator-block-size-background=1048576"
    "memorysetup-job-temp-allocator-reduction-small-platforms=262144"
    "memorysetup-temp-allocator-size-background-worker=32768"
    "memorysetup-temp-allocator-size-job-worker=262144"
    "memorysetup-temp-allocator-size-preload-manager=33554432"
    "memorysetup-temp-allocator-size-nav-mesh-worker=65536"
    "memorysetup-temp-allocator-size-audio-worker=65536"
    "memorysetup-temp-allocator-size-cloud-worker=32768"
    "memorysetup-temp-allocator-size-gi-baking-worker=262144"
    "memorysetup-temp-allocator-size-gi-baking-worker=262144"
    "memorysetup-temp-allocator-size-gi-baking-worker=262144"
    "memorysetup-temp-allocator-size-gi-baking-worker=262144"
    "memorysetup-temp-allocator-size-gi-baking-worker=262144"
    "memorysetup-temp-allocator-size-gfx=262144"
Player connection [24716]  Target information:

Player connection [24716]  * "[IP] 192.168.43.148 [Port] 0 [Flags] 2 [Guid] 1720171793 [EditorId] 1720171793 [Version] 1048832 [Id] WindowsEditor(7,alex008c-PC) [Debug] 1 [PackageName] WindowsEditor [ProjectName] Editor" 

Player connection [24716] Host joined multi-casting on [225.0.0.222:54997]...
Player connection [24716] Host joined alternative multi-casting on [225.0.0.222:34997]...
JobSystem: Creating JobQueue using job-worker-count value 5
Input System module state changed to: Initialized.
[Physics::Module] Initialized fallback backend.
[Physics::Module] Id: 0xdecafbad
[Licensing::Client] Code 10 while verifying Licensing Client signature (process Id: 21364, path: "D:/Programs/Unity/Unity Hub/UnityLicensingClient_V1/Unity.Licensing.Client.exe")
[Licensing::Module] LicensingClient has failed validation; ignoring
[Licensing::Client] Handshaking with LicensingClient:
  Version:                 1.17.3+a4e98f1
  Session Id:              0995754b6f3c472586165fa8af1cd246
  Correlation Id:          f05bc8bc63f2378d7e9c2f13c6245d3b
  External correlation Id: 4885398002131714568
  Machine Id:              axq9biGTR95wNGx/9ie/f9OUK6Y=
[Licensing::Module] Successfully connected to LicensingClient on channel: "LicenseClient-alex008c" (connect: 0.00s, validation: 0.00s, handshake: 0.05s)
[Licensing::IpcConnector] Successfully connected to: "LicenseClient-alex008c-notifications" at "2025-10-24T06:05:28.2429743Z"
[Licensing::Module] Licensing Background thread has ended after 0.05s
Library Redirect Path: Library/
[Physics::Module] Selected backend.
[Physics::Module] Name: PhysX
[Physics::Module] Id: 0xf2b8ea05
[Physics::Module] SDK Version: 4.1.2
[Physics::Module] Integration Version: 1.0.0
[Physics::Module] Threading Mode: Multi-Threaded
ETC Legacy compression has been deprecated and will be removed in a future release. You can review compressors in "Project Settings > Editor > Texture Compressors".
Refreshing native plugins compatible for Editor in 6.66 ms, found 2 plugins.
Preloading 0 native plugins for Editor in 0.00 ms.
Initialize engine version: 6000.2.8f1 (c9992ac36c34)
[Subsystems] Discovering subsystems at path C:/Program Files/Unity/Hub/Editor/6000.2.8f1/Editor/Data/Resources/UnitySubsystems
[Subsystems] Discovering subsystems at path D:/Documents 2/Programacion/ProyectosUni/Tanques/Assets
GfxDevice: creating device client; kGfxThreadingModeNonThreaded
Direct3D:
    Version:  Direct3D 11.0 [level 11.1]
    Renderer: NVIDIA GeForce RTX 3060 (ID=0x2503)
    Vendor:   NVIDIA
    VRAM:     12115 MB
    Driver:   32.0.15.7700
Initialize mono
Mono path[0] = 'C:/Program Files/Unity/Hub/Editor/6000.2.8f1/Editor/Data/Managed'
Mono path[1] = 'C:/Program Files/Unity/Hub/Editor/6000.2.8f1/Editor/Data/MonoBleedingEdge/lib/mono/unityjit-win32'
Mono config path = 'C:/Program Files/Unity/Hub/Editor/6000.2.8f1/Editor/Data/MonoBleedingEdge/etc'
Using monoOptions --debugger-agent=transport=dt_socket,embedding=1,server=y,suspend=n,address=127.0.0.1:56560
Begin MonoManager ReloadAssembly
Registering precompiled unity dll's ...
Register platform support module: C:/Program Files/Unity/Hub/Editor/6000.2.8f1/Editor/Data/PlaybackEngines/WebGLSupport/UnityEditor.WebGL.Extensions.dll
Register platform support module: C:/Program Files/Unity/Hub/Editor/6000.2.8f1/Editor/Data/PlaybackEngines/WindowsStandaloneSupport/UnityEditor.WindowsStandalone.Extensions.dll
Registered in 0.002694 seconds.
- Loaded All Assemblies, in  0.473 seconds
Native extension for WindowsStandalone target not found
Native extension for WebGL target not found
Mono: successfully reloaded assembly
- Finished resetting the current domain, in  0.349 seconds
Domain Reload Profiling: 818ms
	BeginReloadAssembly (156ms)
		ExecutionOrderSort (0ms)
		DisableScriptedObjects (0ms)
		BackupInstance (0ms)
		ReleaseScriptingObjects (0ms)
		CreateAndSetChildDomain (1ms)
	RebuildCommonClasses (45ms)
	RebuildNativeTypeToScriptingClass (12ms)
	initialDomainReloadingComplete (70ms)
	LoadAllAssembliesAndSetupDomain (187ms)
		LoadAssemblies (154ms)
		RebuildTransferFunctionScriptingTraits (0ms)
		AnalyzeDomain (181ms)
			TypeCache.Refresh (179ms)
				TypeCache.ScanAssembly (164ms)
			BuildScriptInfoCaches (0ms)
			ResolveRequiredComponents (1ms)
	FinalizeReload (349ms)
		ReleaseScriptCaches (0ms)
		RebuildScriptCaches (0ms)
		SetupLoadedEditorAssemblies (306ms)
			LogAssemblyErrors (0ms)
			InitializePlatformSupportModulesInManaged (57ms)
			SetLoadedEditorAssemblies (3ms)
			BeforeProcessingInitializeOnLoad (67ms)
			ProcessInitializeOnLoadAttributes (128ms)
			ProcessInitializeOnLoadMethodAttributes (52ms)
			AfterProcessingInitializeOnLoad (0ms)
			EditorAssembliesLoaded (0ms)
		ExecutionOrderSort2 (0ms)
		AwakeInstancesAfterBackupRestoration (0ms)
========================================================================
Worker process is ready to serve import requests
Import Worker Mode flag is 0x00
Begin MonoManager ReloadAssembly
[Licensing::Client] Successfully resolved entitlement details
[Licensing::Module] License group:
  Id: 4673098223918-UnityPersXXXX
  Product: Unity Personal
  Type: Assigned
  Expiration: Unlimited
Symbol file LoadedFromMemory is not a mono symbol file
- Loaded All Assemblies, in  0.763 seconds
Refreshing native plugins compatible for Editor in 6.35 ms, found 2 plugins.
Native extension for WindowsStandalone target not found
Native extension for WebGL target not found
Refreshing native plugins compatible for Editor in 11.02 ms, found 2 plugins.
Package Manager log level set to [2]
[Package Manager] Failed to launch server process. Reason: Unity was launched with the -noUpm command-line argument
[Package Manager] Unable to send message (not connected to server process).
[Package Manager] Cannot connect to Unity Package Manager local server
Mono: successfully reloaded assembly
- Finished resetting the current domain, in  0.782 seconds
Domain Reload Profiling: 1542ms
	BeginReloadAssembly (180ms)
		ExecutionOrderSort (0ms)
		DisableScriptedObjects (6ms)
		BackupInstance (0ms)
		ReleaseScriptingObjects (0ms)
		CreateAndSetChildDomain (33ms)
	RebuildCommonClasses (75ms)
	RebuildNativeTypeToScriptingClass (17ms)
	initialDomainReloadingComplete (57ms)
	LoadAllAssembliesAndSetupDomain (432ms)
		LoadAssemblies (361ms)
		RebuildTransferFunctionScriptingTraits (0ms)
		AnalyzeDomain (167ms)
			TypeCache.Refresh (127ms)
				TypeCache.ScanAssembly (109ms)
			BuildScriptInfoCaches (35ms)
			ResolveRequiredComponents (3ms)
	FinalizeReload (782ms)
		ReleaseScriptCaches (0ms)
		RebuildScriptCaches (0ms)
		SetupLoadedEditorAssemblies (668ms)
			LogAssemblyErrors (0ms)
			InitializePlatformSupportModulesInManaged (3ms)
			SetLoadedEditorAssemblies (4ms)
			BeforeProcessingInitializeOnLoad (112ms)
			ProcessInitializeOnLoadAttributes (349ms)
			ProcessInitializeOnLoadMethodAttributes (192ms)
			AfterProcessingInitializeOnLoad (8ms)
			EditorAssembliesLoaded (0ms)
		ExecutionOrderSort2 (0ms)
		AwakeInstancesAfterBackupRestoration (8ms)
ETC Legacy compression has been deprecated and will be removed in a future release. You can review compressors in "Project Settings > Editor > Texture Compressors".
Launched and connected shader compiler UnityShaderCompiler.exe after 0.02 seconds
Refreshing native plugins compatible for Editor in 10.28 ms, found 2 plugins.
Preloading 0 native plugins for Editor in 0.00 ms.
Unloading 13 Unused Serialized files (Serialized files now loaded: 0)
Unloading 3045 unused Assets / (3.2 MB). Loaded Objects now: 3530.
Memory consumption went from 84.6 MB to 81.3 MB.
Total: 43.543500 ms (FindLiveObjects: 0.816300 ms CreateObjectMapping: 1.104500 ms MarkObjects: 37.666300 ms  DeleteObjects: 3.952200 ms)

========================================================================
Received Import Request.
  Time since last request: 2323.943186 seconds.
  path: Assets/Readme.asset
  artifactKey: Guid(83c2ed844a8c74b779a4c823d16594b1) Importer(815301076,1909f56bfc062723c751e8b465ee728b)
Start importing Assets/Readme.asset using Guid(83c2ed844a8c74b779a4c823d16594b1) Importer(815301076,1909f56bfc062723c751e8b465ee728b) (PreviewImporter) -> (artifact id: 'e5b2fe4eba4d991698d7e2ab4997e7fc') in 0.0504507 seconds
Number of updated asset objects reloaded before import = 0Number of asset objects unloaded after import = 2

========================================================================
Received Prepare
ETC Legacy compression has been deprecated and will be removed in a future release. You can review compressors in "Project Settings > Editor > Texture Compressors".
Begin MonoManager ReloadAssembly
Symbol file LoadedFromMemory is not a mono symbol file
- Loaded All Assemblies, in  0.623 seconds
Refreshing native plugins compatible for Editor in 5.56 ms, found 2 plugins.
Native extension for WindowsStandalone target not found
Native extension for WebGL target not found
[Package Manager] Failed to launch server process. Reason: Unity was launched with the -noUpm command-line argument
[Package Manager] Unable to send message (not connected to server process).
[Package Manager] Cannot connect to Unity Package Manager local server
Mono: successfully reloaded assembly
- Finished resetting the current domain, in  0.627 seconds
Domain Reload Profiling: 1248ms
	BeginReloadAssembly (216ms)
		ExecutionOrderSort (0ms)
		DisableScriptedObjects (6ms)
		BackupInstance (0ms)
		ReleaseScriptingObjects (0ms)
		CreateAndSetChildDomain (54ms)
	RebuildCommonClasses (55ms)
	RebuildNativeTypeToScriptingClass (15ms)
	initialDomainReloadingComplete (29ms)
	LoadAllAssembliesAndSetupDomain (305ms)
		LoadAssemblies (315ms)
		RebuildTransferFunctionScriptingTraits (0ms)
		AnalyzeDomain (103ms)
			TypeCache.Refresh (7ms)
				TypeCache.ScanAssembly (1ms)
			BuildScriptInfoCaches (90ms)
			ResolveRequiredComponents (2ms)
	FinalizeReload (628ms)
		ReleaseScriptCaches (0ms)
		RebuildScriptCaches (0ms)
		SetupLoadedEditorAssemblies (515ms)
			LogAssemblyErrors (0ms)
			InitializePlatformSupportModulesInManaged (3ms)
			SetLoadedEditorAssemblies (5ms)
			BeforeProcessingInitializeOnLoad (115ms)
			ProcessInitializeOnLoadAttributes (234ms)
			ProcessInitializeOnLoadMethodAttributes (150ms)
			AfterProcessingInitializeOnLoad (7ms)
			EditorAssembliesLoaded (0ms)
		ExecutionOrderSort2 (0ms)
		AwakeInstancesAfterBackupRestoration (9ms)
Refreshing native plugins compatible for Editor in 9.69 ms, found 2 plugins.
Preloading 0 native plugins for Editor in 0.00 ms.
Unloading 13 Unused Serialized files (Serialized files now loaded: 0)
Unloading 3035 unused Assets / (2.7 MB). Loaded Objects now: 3525.
Memory consumption went from 85.1 MB to 82.5 MB.
Total: 18.073900 ms (FindLiveObjects: 0.712300 ms CreateObjectMapping: 0.380700 ms MarkObjects: 14.783500 ms  DeleteObjects: 2.195500 ms)

Prepare: number of updated asset objects reloaded= 0
========================================================================
Received Prepare
ETC Legacy compression has been deprecated and will be removed in a future release. You can review compressors in "Project Settings > Editor > Texture Compressors".
Begin MonoManager ReloadAssembly
Symbol file LoadedFromMemory is not a mono symbol file
- Loaded All Assemblies, in  0.590 seconds
Refreshing native plugins compatible for Editor in 6.06 ms, found 2 plugins.
Native extension for WindowsStandalone target not found
Native extension for WebGL target not found
[Package Manager] Failed to launch server process. Reason: Unity was launched with the -noUpm command-line argument
[Package Manager] Unable to send message (not connected to server process).
[Package Manager] Cannot connect to Unity Package Manager local server
Mono: successfully reloaded assembly
- Finished resetting the current domain, in  0.747 seconds
Domain Reload Profiling: 1335ms
	BeginReloadAssembly (194ms)
		ExecutionOrderSort (0ms)
		DisableScriptedObjects (6ms)
		BackupInstance (0ms)
		ReleaseScriptingObjects (0ms)
		CreateAndSetChildDomain (49ms)
	RebuildCommonClasses (41ms)
	RebuildNativeTypeToScriptingClass (11ms)
	initialDomainReloadingComplete (27ms)
	LoadAllAssembliesAndSetupDomain (314ms)
		LoadAssemblies (303ms)
		RebuildTransferFunctionScriptingTraits (0ms)
		AnalyzeDomain (107ms)
			TypeCache.Refresh (5ms)
				TypeCache.ScanAssembly (0ms)
			BuildScriptInfoCaches (97ms)
			ResolveRequiredComponents (2ms)
	FinalizeReload (747ms)
		ReleaseScriptCaches (0ms)
		RebuildScriptCaches (0ms)
		SetupLoadedEditorAssemblies (626ms)
			LogAssemblyErrors (0ms)
			InitializePlatformSupportModulesInManaged (2ms)
			SetLoadedEditorAssemblies (4ms)
			BeforeProcessingInitializeOnLoad (108ms)
			ProcessInitializeOnLoadAttributes (274ms)
			ProcessInitializeOnLoadMethodAttributes (226ms)
			AfterProcessingInitializeOnLoad (11ms)
			EditorAssembliesLoaded (1ms)
		ExecutionOrderSort2 (0ms)
		AwakeInstancesAfterBackupRestoration (11ms)
Refreshing native plugins compatible for Editor in 17.13 ms, found 2 plugins.
Preloading 0 native plugins for Editor in 0.00 ms.
Unloading 13 Unused Serialized files (Serialized files now loaded: 0)
Unloading 3035 unused Assets / (3.1 MB). Loaded Objects now: 3525.
Memory consumption went from 85.1 MB to 82.0 MB.
Total: 25.098200 ms (FindLiveObjects: 0.831400 ms CreateObjectMapping: 0.780900 ms MarkObjects: 20.691800 ms  DeleteObjects: 2.792000 ms)

Prepare: number of updated asset objects reloaded= 0
========================================================================
Received Import Request.
  Time since last request: 256.192732 seconds.
  path: Assets/Scripts/Camera/CameraControl.cs
  artifactKey: Guid(c54e3c1f18f8cbb49b10f5e2dc8a1865) Importer(815301076,1909f56bfc062723c751e8b465ee728b)
Start importing Assets/Scripts/Camera/CameraControl.cs using Guid(c54e3c1f18f8cbb49b10f5e2dc8a1865) Importer(815301076,1909f56bfc062723c751e8b465ee728b) (PreviewImporter) -> (artifact id: '022515bb861b3e6d57d9ea4f632e5b4c') in 0.0063368 seconds
Number of updated asset objects reloaded before import = 0Number of asset objects unloaded after import = 0

========================================================================
Received Import Request.
  Time since last request: 21.003474 seconds.
  path: Assets/Scripts/Managers/GameManager.cs
  artifactKey: Guid(18e521b6f8588c44f9e68c769421eb47) Importer(815301076,1909f56bfc062723c751e8b465ee728b)
Start importing Assets/Scripts/Managers/GameManager.cs using Guid(18e521b6f8588c44f9e68c769421eb47) Importer(815301076,1909f56bfc062723c751e8b465ee728b) (PreviewImporter) -> (artifact id: '98934c959adc4a15511035d93175073c') in 0.0007153 seconds
Number of updated asset objects reloaded before import = 0Number of asset objects unloaded after import = 0

========================================================================
Received Import Request.
  Time since last request: 5.955827 seconds.
  path: Assets/Scripts/Managers/TankManager.cs
  artifactKey: Guid(1be963428ec33174f88161c5980f3faa) Importer(815301076,1909f56bfc062723c751e8b465ee728b)
Start importing Assets/Scripts/Managers/TankManager.cs using Guid(1be963428ec33174f88161c5980f3faa) Importer(815301076,1909f56bfc062723c751e8b465ee728b) (PreviewImporter) -> (artifact id: 'cef6f121edbd0b8150e0a766dc1c905d') in 0.0005571 seconds
Number of updated asset objects reloaded before import = 0Number of asset objects unloaded after import = 0

========================================================================
Received Prepare
ETC Legacy compression has been deprecated and will be removed in a future release. You can review compressors in "Project Settings > Editor > Texture Compressors".
Begin MonoManager ReloadAssembly
[Licensing::Client] Successfully resolved entitlement details
Symbol file LoadedFromMemory is not a mono symbol file
- Loaded All Assemblies, in  0.597 seconds
Refreshing native plugins compatible for Editor in 6.62 ms, found 2 plugins.
Native extension for WindowsStandalone target not found
Native extension for WebGL target not found
[Package Manager] Failed to launch server process. Reason: Unity was launched with the -noUpm command-line argument
[Package Manager] Unable to send message (not connected to server process).
[Package Manager] Cannot connect to Unity Package Manager local server
Mono: successfully reloaded assembly
- Finished resetting the current domain, in  0.780 seconds
Domain Reload Profiling: 1376ms
	BeginReloadAssembly (204ms)
		ExecutionOrderSort (0ms)
		DisableScriptedObjects (6ms)
		BackupInstance (0ms)
		ReleaseScriptingObjects (0ms)
		CreateAndSetChildDomain (49ms)
	RebuildCommonClasses (40ms)
	RebuildNativeTypeToScriptingClass (11ms)
	initialDomainReloadingComplete (29ms)
	LoadAllAssembliesAndSetupDomain (311ms)
		LoadAssemblies (317ms)
		RebuildTransferFunctionScriptingTraits (0ms)
		AnalyzeDomain (96ms)
			TypeCache.Refresh (5ms)
				TypeCache.ScanAssembly (0ms)
			BuildScriptInfoCaches (85ms)
			ResolveRequiredComponents (2ms)
	FinalizeReload (781ms)
		ReleaseScriptCaches (0ms)
		RebuildScriptCaches (0ms)
		SetupLoadedEditorAssemblies (658ms)
			LogAssemblyErrors (0ms)
			InitializePlatformSupportModulesInManaged (2ms)
			SetLoadedEditorAssemblies (4ms)
			BeforeProcessingInitializeOnLoad (110ms)
			ProcessInitializeOnLoadAttributes (280ms)
			ProcessInitializeOnLoadMethodAttributes (251ms)
			AfterProcessingInitializeOnLoad (10ms)
			EditorAssembliesLoaded (0ms)
		ExecutionOrderSort2 (0ms)
		AwakeInstancesAfterBackupRestoration (12ms)
Refreshing native plugins compatible for Editor in 14.65 ms, found 2 plugins.
Preloading 0 native plugins for Editor in 0.00 ms.
Unloading 13 Unused Serialized files (Serialized files now loaded: 0)
Unloading 3035 unused Assets / (2.6 MB). Loaded Objects now: 3525.
Memory consumption went from 85.1 MB to 82.5 MB.
Total: 20.130900 ms (FindLiveObjects: 0.718200 ms CreateObjectMapping: 0.600600 ms MarkObjects: 16.170300 ms  DeleteObjects: 2.639100 ms)

Prepare: number of updated asset objects reloaded= 0
========================================================================
Received Import Request.
  Time since last request: 163.425408 seconds.
  path: Assets/Sprites/Aim Arrow.png
  artifactKey: Guid(ab943d3d5ac38bb448fabe3cdc9516d1) Importer(815301076,1909f56bfc062723c751e8b465ee728b)
Start importing Assets/Sprites/Aim Arrow.png using Guid(ab943d3d5ac38bb448fabe3cdc9516d1) Importer(815301076,1909f56bfc062723c751e8b465ee728b) (PreviewImporter) -> (artifact id: 'fc6239607636a40f0b7e955139fe9b2b') in 0.1051235 seconds
Number of updated asset objects reloaded before import = 0Number of asset objects unloaded after import = 3

========================================================================
Received Import Request.
  Time since last request: 0.000029 seconds.
  path: Assets/Sprites/Smoke.tif
  artifactKey: Guid(8e2e7f1c0de3a1e4bab7041325aef152) Importer(815301076,1909f56bfc062723c751e8b465ee728b)
Start importing Assets/Sprites/Smoke.tif using Guid(8e2e7f1c0de3a1e4bab7041325aef152) Importer(815301076,1909f56bfc062723c751e8b465ee728b) (PreviewImporter) -> (artifact id: 'a60d5f385150145ef66d3003e887b630') in 0.0167456 seconds
Number of updated asset objects reloaded before import = 0Number of asset objects unloaded after import = 2

========================================================================
Received Import Request.
  Time since last request: 5.251386 seconds.
  path: Assets/TutorialInfo/Scripts
  artifactKey: Guid(5a9bcd70e6a4b4b05badaa72e827d8e0) Importer(815301076,1909f56bfc062723c751e8b465ee728b)
Start importing Assets/TutorialInfo/Scripts using Guid(5a9bcd70e6a4b4b05badaa72e827d8e0) Importer(815301076,1909f56bfc062723c751e8b465ee728b) (PreviewImporter) -> (artifact id: 'daa0ee15e127744276225ba98f34da91') in 0.0005569 seconds
Number of updated asset objects reloaded before import = 0Number of asset objects unloaded after import = 0

========================================================================
Received Import Request.
  Time since last request: 6.277177 seconds.
  path: Assets/TutorialInfo/Scripts/Editor
  artifactKey: Guid(3ad9b87dffba344c89909c6d1b1c17e1) Importer(815301076,1909f56bfc062723c751e8b465ee728b)
Start importing Assets/TutorialInfo/Scripts/Editor using Guid(3ad9b87dffba344c89909c6d1b1c17e1) Importer(815301076,1909f56bfc062723c751e8b465ee728b) (PreviewImporter) -> (artifact id: '276c177c1079ad356e77a774b5269b93') in 0.0005746 seconds
Number of updated asset objects reloaded before import = 0Number of asset objects unloaded after import = 0

========================================================================
Received Import Request.
  Time since last request: 9.270246 seconds.
  path: Assets/Models/Building01.fbx
  artifactKey: Guid(f698f69d64c51f8438d853e5c274e5fc) Importer(815301076,1909f56bfc062723c751e8b465ee728b)
Start importing Assets/Models/Building01.fbx using Guid(f698f69d64c51f8438d853e5c274e5fc) Importer(815301076,1909f56bfc062723c751e8b465ee728b) (PreviewImporter) -> (artifact id: 'f898f2500f0f262669e8fb5cdb9279a5') in 0.3637686 seconds
Number of updated asset objects reloaded before import = 0Number of asset objects unloaded after import = 12

========================================================================
Received Import Request.
  Time since last request: 0.000033 seconds.
  path: Assets/Models/Tank.fbx
  artifactKey: Guid(002e2a607f5b64c48be0b3b0d8b8bfdd) Importer(815301076,1909f56bfc062723c751e8b465ee728b)
Start importing Assets/Models/Tank.fbx using Guid(002e2a607f5b64c48be0b3b0d8b8bfdd) Importer(815301076,1909f56bfc062723c751e8b465ee728b) (PreviewImporter) -> (artifact id: '1d479a519c70f7275c88b69ed545b285') in 0.0852778 seconds
Number of updated asset objects reloaded before import = 0Number of asset objects unloaded after import = 29

========================================================================
Received Import Request.
  Time since last request: 0.000030 seconds.
  path: Assets/Models/Cliff.fbx
  artifactKey: Guid(12783825d19a606449c1d81b822fb4a2) Importer(815301076,1909f56bfc062723c751e8b465ee728b)
Start importing Assets/Models/Cliff.fbx using Guid(12783825d19a606449c1d81b822fb4a2) Importer(815301076,1909f56bfc062723c751e8b465ee728b) (PreviewImporter) -> (artifact id: 'c9909679080ee7eb596d69853e72779f') in 0.0272845 seconds
Number of updated asset objects reloaded before import = 0Number of asset objects unloaded after import = 8

========================================================================
Received Import Request.
  Time since last request: 0.000024 seconds.
  path: Assets/Models/Crater01.fbx
  artifactKey: Guid(aef18f364fed1a64ba495d15dcee610d) Importer(815301076,1909f56bfc062723c751e8b465ee728b)
Start importing Assets/Models/Crater01.fbx using Guid(aef18f364fed1a64ba495d15dcee610d) Importer(815301076,1909f56bfc062723c751e8b465ee728b) (PreviewImporter) -> (artifact id: 'efbcbd0b9dcb3970af7ec19cd75949fe') in 0.0214696 seconds
Number of updated asset objects reloaded before import = 0Number of asset objects unloaded after import = 8

========================================================================
Received Import Request.
  Time since last request: 0.000028 seconds.
  path: Assets/Models/Column02.FBX
  artifactKey: Guid(74d835b756ff5654f8060c76cbcb4e19) Importer(815301076,1909f56bfc062723c751e8b465ee728b)
Start importing Assets/Models/Column02.FBX using Guid(74d835b756ff5654f8060c76cbcb4e19) Importer(815301076,1909f56bfc062723c751e8b465ee728b) (PreviewImporter) -> (artifact id: '8e13464fb22ba4da978fd99415d7c179') in 0.0217478 seconds
Number of updated asset objects reloaded before import = 0Number of asset objects unloaded after import = 8

========================================================================
Received Import Request.
  Time since last request: 0.000019 seconds.
  path: Assets/Models/Rocks02.fbx
  artifactKey: Guid(8f90bdc8aeb4bad4db0cb091100a44f4) Importer(815301076,1909f56bfc062723c751e8b465ee728b)
Start importing Assets/Models/Rocks02.fbx using Guid(8f90bdc8aeb4bad4db0cb091100a44f4) Importer(815301076,1909f56bfc062723c751e8b465ee728b) (PreviewImporter) -> (artifact id: 'd20f1b51dd010cb4dc77c644dec3a431') in 0.0206809 seconds
Number of updated asset objects reloaded before import = 0Number of asset objects unloaded after import = 8

========================================================================
Received Import Request.
  Time since last request: 0.000023 seconds.
  path: Assets/Models/Radar.fbx
  artifactKey: Guid(afd58f28713632e419efd8f302698ceb) Importer(815301076,1909f56bfc062723c751e8b465ee728b)
Start importing Assets/Models/Radar.fbx using Guid(afd58f28713632e419efd8f302698ceb) Importer(815301076,1909f56bfc062723c751e8b465ee728b) (PreviewImporter) -> (artifact id: 'e3f091dbe905222d28393a49b5683918') in 0.0213684 seconds
Number of updated asset objects reloaded before import = 0Number of asset objects unloaded after import = 9

========================================================================
Received Import Request.
  Time since last request: 0.000023 seconds.
  path: Assets/Models/Ruins01.fbx
  artifactKey: Guid(8c99ccdf18f6a404f84ffd08488298d8) Importer(815301076,1909f56bfc062723c751e8b465ee728b)
Start importing Assets/Models/Ruins01.fbx using Guid(8c99ccdf18f6a404f84ffd08488298d8) Importer(815301076,1909f56bfc062723c751e8b465ee728b) (PreviewImporter) -> (artifact id: '1bdf51300fba9bd9064e353bfd0621f3') in 0.0276847 seconds
Number of updated asset objects reloaded before import = 0Number of asset objects unloaded after import = 8

========================================================================
Received Import Request.
  Time since last request: 0.000022 seconds.
  path: Assets/Models/Cow.fbx
  artifactKey: Guid(961487dad48770a4d867fcbcca1e5950) Importer(815301076,1909f56bfc062723c751e8b465ee728b)
Start importing Assets/Models/Cow.fbx using Guid(961487dad48770a4d867fcbcca1e5950) Importer(815301076,1909f56bfc062723c751e8b465ee728b) (PreviewImporter) -> (artifact id: '2cfff32f6d117ce8a89ec011dbfd06b3') in 0.0242814 seconds
Number of updated asset objects reloaded before import = 0Number of asset objects unloaded after import = 8

========================================================================
Received Import Request.
  Time since last request: 0.000022 seconds.
  path: Assets/Models/Tree.fbx
  artifactKey: Guid(50912a5d3c9322a46afa5ca162962a5c) Importer(815301076,1909f56bfc062723c751e8b465ee728b)
Start importing Assets/Models/Tree.fbx using Guid(50912a5d3c9322a46afa5ca162962a5c) Importer(815301076,1909f56bfc062723c751e8b465ee728b) (PreviewImporter) -> (artifact id: 'c65b44ed37e7ba8a572b6da323ee22bf') in 0.0235568 seconds
Number of updated asset objects reloaded before import = 0Number of asset objects unloaded after import = 8

========================================================================
Received Import Request.
  Time since last request: 0.000023 seconds.
  path: Assets/Models/Concrete.fbx
  artifactKey: Guid(a678ab9f67b4ce84093be35214bdb92d) Importer(815301076,1909f56bfc062723c751e8b465ee728b)
Start importing Assets/Models/Concrete.fbx using Guid(a678ab9f67b4ce84093be35214bdb92d) Importer(815301076,1909f56bfc062723c751e8b465ee728b) (PreviewImporter) -> (artifact id: '15fe9615a85d5e7535600035385a98a5') in 0.0200146 seconds
Number of updated asset objects reloaded before import = 0Number of asset objects unloaded after import = 8

========================================================================
Received Import Request.
  Time since last request: 0.000029 seconds.
  path: Assets/Models/Helipad.fbx
  artifactKey: Guid(614b6b69c0bbcd945bb2f83eb02a3436) Importer(815301076,1909f56bfc062723c751e8b465ee728b)
Start importing Assets/Models/Helipad.fbx using Guid(614b6b69c0bbcd945bb2f83eb02a3436) Importer(815301076,1909f56bfc062723c751e8b465ee728b) (PreviewImporter) -> (artifact id: '5b16faabf6846d653a50f2c51c34a9cc') in 0.0233038 seconds
Number of updated asset objects reloaded before import = 0Number of asset objects unloaded after import = 11

========================================================================
Received Import Request.
  Time since last request: 11.579981 seconds.
  path: Assets/Prefabs/LevelArt.prefab
  artifactKey: Guid(1cd1bdb2203012a40ab12a0d2fd7aa88) Importer(815301076,1909f56bfc062723c751e8b465ee728b)
Start importing Assets/Prefabs/LevelArt.prefab using Guid(1cd1bdb2203012a40ab12a0d2fd7aa88) Importer(815301076,1909f56bfc062723c751e8b465ee728b) (PreviewImporter) -> (artifact id: 'fecd6e9ad71a92109a1cb9eb195f84b9') in 0.0467545 seconds
Number of updated asset objects reloaded before import = 0Number of asset objects unloaded after import = 680

========================================================================
Received Import Request.
  Time since last request: 0.000021 seconds.
  path: Assets/Prefabs/Shell.prefab
  artifactKey: Guid(92d5c17e2ee1698418f44a22e199727f) Importer(815301076,1909f56bfc062723c751e8b465ee728b)
Start importing Assets/Prefabs/Shell.prefab using Guid(92d5c17e2ee1698418f44a22e199727f) Importer(815301076,1909f56bfc062723c751e8b465ee728b) (PreviewImporter) -> (artifact id: 'c173d7da270f4778813a6ff3a7eb79c2') in 0.1020759 seconds
Number of updated asset objects reloaded before import = 0Number of asset objects unloaded after import = 42

========================================================================
Received Import Request.
  Time since last request: 0.000023 seconds.
  path: Assets/Prefabs/Tank.prefab
  artifactKey: Guid(6b9d5081fc159834680f5a3a2b2f094c) Importer(815301076,1909f56bfc062723c751e8b465ee728b)
Start importing Assets/Prefabs/Tank.prefab using Guid(6b9d5081fc159834680f5a3a2b2f094c) Importer(815301076,1909f56bfc062723c751e8b465ee728b) (PreviewImporter) -> (artifact id: 'bd1d6633f2637ab2861b990695b7c5f4') in 0.0546496 seconds
Number of updated asset objects reloaded before import = 0Number of asset objects unloaded after import = 85

========================================================================
Received Import Request.
  Time since last request: 13.501424 seconds.
  path: Assets/AudioClips/EngineDriving.aif
  artifactKey: Guid(d7ca9fb5aa30155449192b23d7fb3336) Importer(815301076,1909f56bfc062723c751e8b465ee728b)
Start importing Assets/AudioClips/EngineDriving.aif using Guid(d7ca9fb5aa30155449192b23d7fb3336) Importer(815301076,1909f56bfc062723c751e8b465ee728b) (PreviewImporter) -> (artifact id: '8e40be4a5c5bd1bb6ef645631ef7625d') in 0.0589045 seconds
Number of updated asset objects reloaded before import = 0Number of asset objects unloaded after import = 2

========================================================================
Received Import Request.
  Time since last request: 0.000021 seconds.
  path: Assets/AudioClips/ShotFiring.wav
  artifactKey: Guid(672a9941361ad494a99fba36759eca80) Importer(815301076,1909f56bfc062723c751e8b465ee728b)
Start importing Assets/AudioClips/ShotFiring.wav using Guid(672a9941361ad494a99fba36759eca80) Importer(815301076,1909f56bfc062723c751e8b465ee728b) (PreviewImporter) -> (artifact id: '5692b102d82a4f4605659dc3980df356') in 0.0313891 seconds
Number of updated asset objects reloaded before import = 0Number of asset objects unloaded after import = 2

========================================================================
Received Import Request.
  Time since last request: 0.000023 seconds.
  path: Assets/AudioClips/TankExplosion.wav
  artifactKey: Guid(5c27182a28a7eb942a362e6d198fe0e6) Importer(815301076,1909f56bfc062723c751e8b465ee728b)
Start importing Assets/AudioClips/TankExplosion.wav using Guid(5c27182a28a7eb942a362e6d198fe0e6) Importer(815301076,1909f56bfc062723c751e8b465ee728b) (PreviewImporter) -> (artifact id: '80a5c35356d53b01373c24b0ca9a4f31') in 0.0335625 seconds
Number of updated asset objects reloaded before import = 0Number of asset objects unloaded after import = 2

========================================================================
Received Import Request.
  Time since last request: 0.000023 seconds.
  path: Assets/AudioClips/Marcha Funebre.mp3
  artifactKey: Guid(2f1a2d7c341f23140a55f8ab0dcbae6a) Importer(815301076,1909f56bfc062723c751e8b465ee728b)
Start importing Assets/AudioClips/Marcha Funebre.mp3 using Guid(2f1a2d7c341f23140a55f8ab0dcbae6a) Importer(815301076,1909f56bfc062723c751e8b465ee728b) (PreviewImporter) -> (artifact id: '2f784119e8f20b54b6bec59a3d729f0d') in 0.1596761 seconds
Number of updated asset objects reloaded before import = 0Number of asset objects unloaded after import = 2

========================================================================
Received Import Request.
  Time since last request: 25.915497 seconds.
  path: Assets/Readme.asset
  artifactKey: Guid(83c2ed844a8c74b779a4c823d16594b1) Importer(2089858483,192608db42251d675da83286b1cce702)
Start importing Assets/Readme.asset using Guid(83c2ed844a8c74b779a4c823d16594b1) Importer(2089858483,192608db42251d675da83286b1cce702) (ScriptedImporter) -> (artifact id: '7e21d7bda509d2a380219a3f464998bd') in 0.1337523 seconds
Number of updated asset objects reloaded before import = 0Number of asset objects unloaded after import = 2

========================================================================
Received Import Request.
  Time since last request: 0.000025 seconds.
  path: Assets/Materials/Blue.mat
  artifactKey: Guid(ff21ff0ea9b18924bb1fdfbb0e58f5cb) Importer(2089858483,192608db42251d675da83286b1cce702)
Start importing Assets/Materials/Blue.mat using Guid(ff21ff0ea9b18924bb1fdfbb0e58f5cb) Importer(2089858483,192608db42251d675da83286b1cce702) (ScriptedImporter) -> (artifact id: '82bbc58f17180c68617dad7cb09f3c76') in 0.0311839 seconds
Number of updated asset objects reloaded before import = 0Number of asset objects unloaded after import = 1

========================================================================
Received Import Request.
  Time since last request: 0.000039 seconds.
  path: Assets/Sprites/Smoke.tif
  artifactKey: Guid(8e2e7f1c0de3a1e4bab7041325aef152) Importer(2089858483,192608db42251d675da83286b1cce702)
Start importing Assets/Sprites/Smoke.tif using Guid(8e2e7f1c0de3a1e4bab7041325aef152) Importer(2089858483,192608db42251d675da83286b1cce702) (ScriptedImporter) -> (artifact id: '50b1698e76f83d75570c94414e6d8d2a') in 0.0718587 seconds
Number of updated asset objects reloaded before import = 0Number of asset objects unloaded after import = 1

========================================================================
Received Import Request.
  Time since last request: 0.000062 seconds.
  path: Assets/Prefabs/Tank 1.prefab
  artifactKey: Guid(97c7555802505744c939be693f928bea) Importer(2089858483,192608db42251d675da83286b1cce702)
Start importing Assets/Prefabs/Tank 1.prefab using Guid(97c7555802505744c939be693f928bea) Importer(2089858483,192608db42251d675da83286b1cce702) (ScriptedImporter) -> (artifact id: '55aefaf675071930a5b650da6ea32aae') in 0.1417508 seconds
Number of updated asset objects reloaded before import = 0Number of asset objects unloaded after import = 106

========================================================================
Received Import Request.
  Time since last request: 0.000023 seconds.
  path: Assets/Models/Rocks01.fbx
  artifactKey: Guid(2964d4e5af87e5245bdd71b73e9b92f1) Importer(2089858483,192608db42251d675da83286b1cce702)
Start importing Assets/Models/Rocks01.fbx using Guid(2964d4e5af87e5245bdd71b73e9b92f1) Importer(2089858483,192608db42251d675da83286b1cce702) (ScriptedImporter) -> (artifact id: '5990da6a5c5f5c306c13d61519aea3f9') in 0.0624509 seconds
Number of updated asset objects reloaded before import = 0Number of asset objects unloaded after import = 8

========================================================================
Received Import Request.
  Time since last request: 0.000042 seconds.
  path: Assets/AudioClips/BackgroundMusic.wav
  artifactKey: Guid(8ce5d020a687c314891341b4126d1de2) Importer(2089858483,192608db42251d675da83286b1cce702)
Start importing Assets/AudioClips/BackgroundMusic.wav using Guid(8ce5d020a687c314891341b4126d1de2) Importer(2089858483,192608db42251d675da83286b1cce702) (ScriptedImporter) -> (artifact id: '47f3c44c6835c289e3fa30f282005a44') in 0.2395085 seconds
Number of updated asset objects reloaded before import = 0Number of asset objects unloaded after import = 1

========================================================================
Received Import Request.
  Time since last request: 0.000049 seconds.
  path: Assets/Models/Dunes02.fbx
  artifactKey: Guid(38b4fea28f58d3641980a70a5188e750) Importer(2089858483,192608db42251d675da83286b1cce702)
Start importing Assets/Models/Dunes02.fbx using Guid(38b4fea28f58d3641980a70a5188e750) Importer(2089858483,192608db42251d675da83286b1cce702) (ScriptedImporter) -> (artifact id: 'c4361cb0a5f2b8d415a45769f1caf31b') in 0.0353277 seconds
Number of updated asset objects reloaded before import = 0Number of asset objects unloaded after import = 8

========================================================================
Received Import Request.
  Time since last request: 0.000030 seconds.
  path: Assets/TutorialInfo/Scripts/Editor/ReadmeEditor.cs
  artifactKey: Guid(476cc7d7cd9874016adc216baab94a0a) Importer(2089858483,192608db42251d675da83286b1cce702)
Start importing Assets/TutorialInfo/Scripts/Editor/ReadmeEditor.cs using Guid(476cc7d7cd9874016adc216baab94a0a) Importer(2089858483,192608db42251d675da83286b1cce702) (ScriptedImporter) -> (artifact id: 'b362c3e8f54290e27b4ef4ac4ffd639b') in 0.0153411 seconds
Number of updated asset objects reloaded before import = 0Number of asset objects unloaded after import = 0

========================================================================
Received Import Request.
  Time since last request: 0.000084 seconds.
  path: Assets/Editor/MoveSceneViewCamera.cs
  artifactKey: Guid(1ac54707d3a75084eb41ad5c4c3a43b5) Importer(2089858483,192608db42251d675da83286b1cce702)
Start importing Assets/Editor/MoveSceneViewCamera.cs using Guid(1ac54707d3a75084eb41ad5c4c3a43b5) Importer(2089858483,192608db42251d675da83286b1cce702) (ScriptedImporter) -> (artifact id: '173998cc8e2d3be285a747a0cbb0153a') in 0.0164075 seconds
Number of updated asset objects reloaded before import = 0Number of asset objects unloaded after import = 0

========================================================================
Received Import Request.
  Time since last request: 0.000059 seconds.
  path: Assets/Materials/Grey.mat
  artifactKey: Guid(db9ceca9e86a2724aaa5c3df2991dba7) Importer(2089858483,192608db42251d675da83286b1cce702)
Start importing Assets/Materials/Grey.mat using Guid(db9ceca9e86a2724aaa5c3df2991dba7) Importer(2089858483,192608db42251d675da83286b1cce702) (ScriptedImporter) -> (artifact id: '852f801f4ecd88f16b1d6d9c6c929353') in 0.013948 seconds
Number of updated asset objects reloaded before import = 0Number of asset objects unloaded after import = 1

========================================================================
Received Import Request.
  Time since last request: 0.000019 seconds.
  path: Assets/Scripts/Tank/TankMovement.cs
  artifactKey: Guid(29af3199e11b72e47b41ff380db540fd) Importer(2089858483,192608db42251d675da83286b1cce702)
Start importing Assets/Scripts/Tank/TankMovement.cs using Guid(29af3199e11b72e47b41ff380db540fd) Importer(2089858483,192608db42251d675da83286b1cce702) (ScriptedImporter) -> (artifact id: '8851f0f91bb38a4a3a067afb996f391e') in 0.0145116 seconds
Number of updated asset objects reloaded before import = 0Number of asset objects unloaded after import = 0

========================================================================
Received Import Request.
  Time since last request: 0.000043 seconds.
  path: Assets/Scripts/Shell/ShellExplosion.cs
  artifactKey: Guid(4a77fdcebbe85f14ab98dfad5da07c20) Importer(2089858483,192608db42251d675da83286b1cce702)
Start importing Assets/Scripts/Shell/ShellExplosion.cs using Guid(4a77fdcebbe85f14ab98dfad5da07c20) Importer(2089858483,192608db42251d675da83286b1cce702) (ScriptedImporter) -> (artifact id: '70b158cfc139dd4d38fde9c72cc190ef') in 0.0140146 seconds
Number of updated asset objects reloaded before import = 0Number of asset objects unloaded after import = 0

========================================================================
Received Import Request.
  Time since last request: 0.000096 seconds.
  path: Assets/_Completed-Assets/Scripts/Managers/TankManager.cs
  artifactKey: Guid(edb8cdb8b19a50648b1ef1fb26a74db4) Importer(2089858483,192608db42251d675da83286b1cce702)
Start importing Assets/_Completed-Assets/Scripts/Managers/TankManager.cs using Guid(edb8cdb8b19a50648b1ef1fb26a74db4) Importer(2089858483,192608db42251d675da83286b1cce702) (ScriptedImporter) -> (artifact id: 'c321b258d544d18b86cb951f914caf59') in 0.0174465 seconds
Number of updated asset objects reloaded before import = 0Number of asset objects unloaded after import = 0

========================================================================
Received Import Request.
  Time since last request: 0.000074 seconds.
  path: Assets/Materials/Smoke.mat
  artifactKey: Guid(d391697c7deb3a0459e0cdc4774e1631) Importer(2089858483,192608db42251d675da83286b1cce702)
Start importing Assets/Materials/Smoke.mat using Guid(d391697c7deb3a0459e0cdc4774e1631) Importer(2089858483,192608db42251d675da83286b1cce702) (ScriptedImporter) -> (artifact id: '98fca7acb3641ce8fe6a7e8258ca5b96') in 0.018587 seconds
Number of updated asset objects reloaded before import = 0Number of asset objects unloaded after import = 2

========================================================================
Received Import Request.
  Time since last request: 0.000025 seconds.
  path: Assets/_Completed-Assets/Animators/CompletePumpjack.controller
  artifactKey: Guid(92ebf232461ebc342884766124202572) Importer(2089858483,192608db42251d675da83286b1cce702)
Start importing Assets/_Completed-Assets/Animators/CompletePumpjack.controller using Guid(92ebf232461ebc342884766124202572) Importer(2089858483,192608db42251d675da83286b1cce702) (ScriptedImporter) -> (artifact id: 'c578a01e9ceae8e43f869ad11a0d2c80') in 0.0169133 seconds
Number of updated asset objects reloaded before import = 0Number of asset objects unloaded after import = 4

========================================================================
Received Import Request.
  Time since last request: 0.000028 seconds.
  path: Assets/_Completed-Assets/Prefabs/CompleteShell.prefab
  artifactKey: Guid(008ecb1b70bec724fa2cd34255b0d8f8) Importer(2089858483,192608db42251d675da83286b1cce702)
Start importing Assets/_Completed-Assets/Prefabs/CompleteShell.prefab using Guid(008ecb1b70bec724fa2cd34255b0d8f8) Importer(2089858483,192608db42251d675da83286b1cce702) (ScriptedImporter) -> (artifact id: '557e6d555a445b948433cb27e56eb25e') in 0.0396459 seconds
Number of updated asset objects reloaded before import = 0Number of asset objects unloaded after import = 25

========================================================================
Received Import Request.
  Time since last request: 0.000017 seconds.
  path: Assets/Scripts/Tank/TankHealth.cs
  artifactKey: Guid(8326b9dca06e5bc4885942c9371f51f1) Importer(2089858483,192608db42251d675da83286b1cce702)
Start importing Assets/Scripts/Tank/TankHealth.cs using Guid(8326b9dca06e5bc4885942c9371f51f1) Importer(2089858483,192608db42251d675da83286b1cce702) (ScriptedImporter) -> (artifact id: '93d2548a55cf4ba5431ab10c27db4183') in 0.0156661 seconds
Number of updated asset objects reloaded before import = 0Number of asset objects unloaded after import = 0

========================================================================
Received Import Request.
  Time since last request: 0.000095 seconds.
  path: Assets/AudioClips/EngineDriving.aif
  artifactKey: Guid(d7ca9fb5aa30155449192b23d7fb3336) Importer(2089858483,192608db42251d675da83286b1cce702)
Start importing Assets/AudioClips/EngineDriving.aif using Guid(d7ca9fb5aa30155449192b23d7fb3336) Importer(2089858483,192608db42251d675da83286b1cce702) (ScriptedImporter) -> (artifact id: '328d101599fc53fdabd4f32e37faba9f') in 0.0695988 seconds
Number of updated asset objects reloaded before import = 0Number of asset objects unloaded after import = 1

========================================================================
Received Import Request.
  Time since last request: 0.000027 seconds.
  path: Assets/Resources/BillingMode.json
  artifactKey: Guid(a21b14227669eac42996a750ef7c1469) Importer(2089858483,192608db42251d675da83286b1cce702)
Start importing Assets/Resources/BillingMode.json using Guid(a21b14227669eac42996a750ef7c1469) Importer(2089858483,192608db42251d675da83286b1cce702) (ScriptedImporter) -> (artifact id: 'dc3fdc31d39687e13fb93d515676c0d5') in 0.0142235 seconds
Number of updated asset objects reloaded before import = 0Number of asset objects unloaded after import = 1

========================================================================
Received Import Request.
  Time since last request: 0.000054 seconds.
  path: Assets/Models/Terrain.fbx
  artifactKey: Guid(126dbcddb53386c4f969fdf0c555e822) Importer(2089858483,192608db42251d675da83286b1cce702)
Start importing Assets/Models/Terrain.fbx using Guid(126dbcddb53386c4f969fdf0c555e822) Importer(2089858483,192608db42251d675da83286b1cce702) (ScriptedImporter) -> (artifact id: '9b908fc03cc59e03e4a1c4452e52b931') in 0.0233204 seconds
Number of updated asset objects reloaded before import = 0Number of asset objects unloaded after import = 8

========================================================================
Received Import Request.
  Time since last request: 0.000024 seconds.
  path: Assets/TutorialInfo/Icons/Tanks.png
  artifactKey: Guid(c2ba67de6ba421d448a8711b1c45413e) Importer(2089858483,192608db42251d675da83286b1cce702)
Start importing Assets/TutorialInfo/Icons/Tanks.png using Guid(c2ba67de6ba421d448a8711b1c45413e) Importer(2089858483,192608db42251d675da83286b1cce702) (ScriptedImporter) -> (artifact id: '828734e078dd846a08ce78b4c3765e53') in 0.0220936 seconds
Number of updated asset objects reloaded before import = 0Number of asset objects unloaded after import = 1

========================================================================
Received Import Request.
  Time since last request: 0.000071 seconds.
  path: Assets/Sprites/Aim Arrow.png
  artifactKey: Guid(ab943d3d5ac38bb448fabe3cdc9516d1) Importer(2089858483,192608db42251d675da83286b1cce702)
Start importing Assets/Sprites/Aim Arrow.png using Guid(ab943d3d5ac38bb448fabe3cdc9516d1) Importer(2089858483,192608db42251d675da83286b1cce702) (ScriptedImporter) -> (artifact id: 'b40e30987510917fa7ba6fa0aa28a4c5') in 0.0355212 seconds
Number of updated asset objects reloaded before import = 0Number of asset objects unloaded after import = 3

========================================================================
Received Import Request.
  Time since last request: 0.000023 seconds.
  path: Assets/Materials/Gold.mat
  artifactKey: Guid(6221f2fbc7212d94cb9c069ee262d824) Importer(2089858483,192608db42251d675da83286b1cce702)
Start importing Assets/Materials/Gold.mat using Guid(6221f2fbc7212d94cb9c069ee262d824) Importer(2089858483,192608db42251d675da83286b1cce702) (ScriptedImporter) -> (artifact id: 'd1f7d2c1809f91ac28f838607830a212') in 0.0240945 seconds
Number of updated asset objects reloaded before import = 0Number of asset objects unloaded after import = 1

========================================================================
Received Import Request.
  Time since last request: 0.000045 seconds.
  path: Assets/AudioClips/EngineIdle.aif
  artifactKey: Guid(4932ab25b84dd7649b80af68a9660ddc) Importer(2089858483,192608db42251d675da83286b1cce702)
Start importing Assets/AudioClips/EngineIdle.aif using Guid(4932ab25b84dd7649b80af68a9660ddc) Importer(2089858483,192608db42251d675da83286b1cce702) (ScriptedImporter) -> (artifact id: 'adcc07e80ccea13b5dd3fb4b3d0b61ab') in 0.0684385 seconds
Number of updated asset objects reloaded before import = 0Number of asset objects unloaded after import = 1

========================================================================
Received Import Request.
  Time since last request: 0.000023 seconds.
  path: Assets/_Completed-Assets/Scripts/Shell/ShellExplosion.cs
  artifactKey: Guid(af9894b7bced3a04c870ade3c621f94e) Importer(2089858483,192608db42251d675da83286b1cce702)
Start importing Assets/_Completed-Assets/Scripts/Shell/ShellExplosion.cs using Guid(af9894b7bced3a04c870ade3c621f94e) Importer(2089858483,192608db42251d675da83286b1cce702) (ScriptedImporter) -> (artifact id: '607aae351562d0bfcd64d0666c30e561') in 0.0147637 seconds
Number of updated asset objects reloaded before import = 0Number of asset objects unloaded after import = 0

========================================================================
Received Import Request.
  Time since last request: 0.000132 seconds.
  path: Assets/_Completed-Assets/Prefabs/CompleteTankExplosion.prefab
  artifactKey: Guid(6bc6d0dd8b8428e4ca316513f2cf13c6) Importer(2089858483,192608db42251d675da83286b1cce702)
Start importing Assets/_Completed-Assets/Prefabs/CompleteTankExplosion.prefab using Guid(6bc6d0dd8b8428e4ca316513f2cf13c6) Importer(2089858483,192608db42251d675da83286b1cce702) (ScriptedImporter) -> (artifact id: '21428dbb5063a12e0a1acee80883daec') in 0.116558 seconds
Number of updated asset objects reloaded before import = 0Number of asset objects unloaded after import = 17

========================================================================
Received Import Request.
  Time since last request: 0.000028 seconds.
  path: Assets/_Completed-Assets/Scripts/Managers/GameManager.cs
  artifactKey: Guid(54a000792783c934885973b761b3f96f) Importer(2089858483,192608db42251d675da83286b1cce702)
Start importing Assets/_Completed-Assets/Scripts/Managers/GameManager.cs using Guid(54a000792783c934885973b761b3f96f) Importer(2089858483,192608db42251d675da83286b1cce702) (ScriptedImporter) -> (artifact id: 'd0ac5a751bdabb4b5062038181576c13') in 0.0169238 seconds
Number of updated asset objects reloaded before import = 0Number of asset objects unloaded after import = 0

========================================================================
Received Import Request.
  Time since last request: 0.000086 seconds.
  path: Assets/AudioClips/ShotFiring.wav
  artifactKey: Guid(672a9941361ad494a99fba36759eca80) Importer(2089858483,192608db42251d675da83286b1cce702)
Start importing Assets/AudioClips/ShotFiring.wav using Guid(672a9941361ad494a99fba36759eca80) Importer(2089858483,192608db42251d675da83286b1cce702) (ScriptedImporter) -> (artifact id: '4906318d3731880029db1cb3ca123973') in 0.0526223 seconds
Number of updated asset objects reloaded before import = 0Number of asset objects unloaded after import = 1

========================================================================
Received Import Request.
  Time since last request: 0.000026 seconds.
  path: Assets/AudioClips/ShotCharging.wav
  artifactKey: Guid(c17f124fcdc0f5446a72f793898bd74b) Importer(2089858483,192608db42251d675da83286b1cce702)
Start importing Assets/AudioClips/ShotCharging.wav using Guid(c17f124fcdc0f5446a72f793898bd74b) Importer(2089858483,192608db42251d675da83286b1cce702) (ScriptedImporter) -> (artifact id: '5d66ddceda746b5ea7b2fefb21f293d4') in 0.0467269 seconds
Number of updated asset objects reloaded before import = 0Number of asset objects unloaded after import = 1

========================================================================
Received Import Request.
  Time since last request: 0.000051 seconds.
  path: Assets/Models/Dunes01.fbx
  artifactKey: Guid(1b0f8caf6ec3ed644bf9751040d84dcb) Importer(2089858483,192608db42251d675da83286b1cce702)
Start importing Assets/Models/Dunes01.fbx using Guid(1b0f8caf6ec3ed644bf9751040d84dcb) Importer(2089858483,192608db42251d675da83286b1cce702) (ScriptedImporter) -> (artifact id: '6a16d035a897c7a0e8e06b7aa0ce934c') in 0.0221979 seconds
Number of updated asset objects reloaded before import = 0Number of asset objects unloaded after import = 8

========================================================================
Received Import Request.
  Time since last request: 68.367585 seconds.
  path: Assets/Profiles/GlobalProfile.asset
  artifactKey: Guid(7a47a74a22125414e9a689e4b7c80970) Importer(815301076,1909f56bfc062723c751e8b465ee728b)
Start importing Assets/Profiles/GlobalProfile.asset using Guid(7a47a74a22125414e9a689e4b7c80970) Importer(815301076,1909f56bfc062723c751e8b465ee728b) (PreviewImporter) -> (artifact id: 'e295ce799ba669523520b7b709446470') in 0.0090154 seconds
Number of updated asset objects reloaded before import = 0Number of asset objects unloaded after import = 5

========================================================================
Received Import Request.
  Time since last request: 26.723571 seconds.
  path: Assets/Prefabs/Tank.prefab
  artifactKey: Guid(6b9d5081fc159834680f5a3a2b2f094c) Importer(815301076,1909f56bfc062723c751e8b465ee728b)
Start importing Assets/Prefabs/Tank.prefab using Guid(6b9d5081fc159834680f5a3a2b2f094c) Importer(815301076,1909f56bfc062723c751e8b465ee728b) (PreviewImporter) -> (artifact id: 'e948aaf49ad16fec7303e673d90bd8d5') in 0.0436791 seconds
Number of updated asset objects reloaded before import = 0Number of asset objects unloaded after import = 84

========================================================================
Received Import Request.
  Time since last request: 0.927518 seconds.
  path: Assets/Prefabs/Tank.prefab
  artifactKey: Guid(6b9d5081fc159834680f5a3a2b2f094c) Importer(2089858483,192608db42251d675da83286b1cce702)
Start importing Assets/Prefabs/Tank.prefab using Guid(6b9d5081fc159834680f5a3a2b2f094c) Importer(2089858483,192608db42251d675da83286b1cce702) (ScriptedImporter) -> (artifact id: '2ab91624ffca824d1acf02ce27c80ba4') in 0.0559198 seconds
Number of updated asset objects reloaded before import = 0Number of asset objects unloaded after import = 78

========================================================================
Received Import Request.
  Time since last request: 5.047903 seconds.
  path: Assets/Prefabs/Tank 1.prefab
  artifactKey: Guid(97c7555802505744c939be693f928bea) Importer(815301076,1909f56bfc062723c751e8b465ee728b)
Start importing Assets/Prefabs/Tank 1.prefab using Guid(97c7555802505744c939be693f928bea) Importer(815301076,1909f56bfc062723c751e8b465ee728b) (PreviewImporter) -> (artifact id: '0e99c039eb59d0dcaaca1a5d2297c9e0') in 0.0808299 seconds
Number of updated asset objects reloaded before import = 0Number of asset objects unloaded after import = 129

========================================================================
Received Import Request.
  Time since last request: 0.888870 seconds.
  path: Assets/Prefabs/Tank 1.prefab
  artifactKey: Guid(97c7555802505744c939be693f928bea) Importer(2089858483,192608db42251d675da83286b1cce702)
Start importing Assets/Prefabs/Tank 1.prefab using Guid(97c7555802505744c939be693f928bea) Importer(2089858483,192608db42251d675da83286b1cce702) (ScriptedImporter) -> (artifact id: '2009a53b2854aa36979fc396322578d5') in 0.0804304 seconds
Number of updated asset objects reloaded before import = 0Number of asset objects unloaded after import = 105

========================================================================
Received Prepare
ETC Legacy compression has been deprecated and will be removed in a future release. You can review compressors in "Project Settings > Editor > Texture Compressors".
Begin MonoManager ReloadAssembly
[Licensing::Client] Successfully resolved entitlement details
Symbol file LoadedFromMemory is not a mono symbol file
- Loaded All Assemblies, in  0.591 seconds
Refreshing native plugins compatible for Editor in 6.64 ms, found 2 plugins.
Native extension for WindowsStandalone target not found
Native extension for WebGL target not found
[Package Manager] Failed to launch server process. Reason: Unity was launched with the -noUpm command-line argument
[Package Manager] Unable to send message (not connected to server process).
[Package Manager] Cannot connect to Unity Package Manager local server
Mono: successfully reloaded assembly
- Finished resetting the current domain, in  0.732 seconds
Domain Reload Profiling: 1322ms
	BeginReloadAssembly (216ms)
		ExecutionOrderSort (0ms)
		DisableScriptedObjects (9ms)
		BackupInstance (0ms)
		ReleaseScriptingObjects (0ms)
		CreateAndSetChildDomain (58ms)
	RebuildCommonClasses (35ms)
	RebuildNativeTypeToScriptingClass (11ms)
	initialDomainReloadingComplete (34ms)
	LoadAllAssembliesAndSetupDomain (293ms)
		LoadAssemblies (308ms)
		RebuildTransferFunctionScriptingTraits (0ms)
		AnalyzeDomain (90ms)
			TypeCache.Refresh (5ms)
				TypeCache.ScanAssembly (0ms)
			BuildScriptInfoCaches (80ms)
			ResolveRequiredComponents (2ms)
	FinalizeReload (732ms)
		ReleaseScriptCaches (0ms)
		RebuildScriptCaches (0ms)
		SetupLoadedEditorAssemblies (608ms)
			LogAssemblyErrors (0ms)
			InitializePlatformSupportModulesInManaged (2ms)
			SetLoadedEditorAssemblies (4ms)
			BeforeProcessingInitializeOnLoad (119ms)
			ProcessInitializeOnLoadAttributes (268ms)
			ProcessInitializeOnLoadMethodAttributes (204ms)
			AfterProcessingInitializeOnLoad (10ms)
			EditorAssembliesLoaded (0ms)
		ExecutionOrderSort2 (0ms)
		AwakeInstancesAfterBackupRestoration (11ms)
Refreshing native plugins compatible for Editor in 14.71 ms, found 2 plugins.
Preloading 0 native plugins for Editor in 0.00 ms.
Unloading 13 Unused Serialized files (Serialized files now loaded: 0)
Unloading 3037 unused Assets / (3.1 MB). Loaded Objects now: 3540.
Memory consumption went from 89.3 MB to 86.1 MB.
Total: 22.316600 ms (FindLiveObjects: 0.617000 ms CreateObjectMapping: 0.456100 ms MarkObjects: 18.096800 ms  DeleteObjects: 3.144900 ms)

Prepare: number of updated asset objects reloaded= 0
========================================================================
Received Import Request.
  Time since last request: 178.841858 seconds.
  path: Assets/AudioClips
  artifactKey: Guid(0df7b64f0e702f14897580a356feae92) Importer(815301076,1909f56bfc062723c751e8b465ee728b)
Start importing Assets/AudioClips using Guid(0df7b64f0e702f14897580a356feae92) Importer(815301076,1909f56bfc062723c751e8b465ee728b) (PreviewImporter) -> (artifact id: '16a185981a656760078808ea52325229') in 0.0039148 seconds
Number of updated asset objects reloaded before import = 0Number of asset objects unloaded after import = 0

========================================================================
Received Import Request.
  Time since last request: 32.073285 seconds.
  path: Assets/AudioClips/Voicy_Haki sound.mp3
  artifactKey: Guid(652aad57dadecca489ff08adcf2b8a76) Importer(815301076,1909f56bfc062723c751e8b465ee728b)
Start importing Assets/AudioClips/Voicy_Haki sound.mp3 using Guid(652aad57dadecca489ff08adcf2b8a76) Importer(815301076,1909f56bfc062723c751e8b465ee728b) (PreviewImporter) -> (artifact id: 'fc722049e038038d89dd6f439ab3e03e') in 0.0613925 seconds
Number of updated asset objects reloaded before import = 0Number of asset objects unloaded after import = 2

========================================================================
Received Import Request.
  Time since last request: 2.943652 seconds.
  path: Assets/AudioClips/Voicy_Haki sound 1.mp3
  artifactKey: Guid(2102af5c4d0c889459efa1b7ae2e984e) Importer(815301076,1909f56bfc062723c751e8b465ee728b)
Start importing Assets/AudioClips/Voicy_Haki sound 1.mp3 using Guid(2102af5c4d0c889459efa1b7ae2e984e) Importer(815301076,1909f56bfc062723c751e8b465ee728b) (PreviewImporter) -> (artifact id: '462a6cfd98af53eb2cdf794298ab065a') in 0.0237104 seconds
Number of updated asset objects reloaded before import = 0Number of asset objects unloaded after import = 2

========================================================================
Received Import Request.
  Time since last request: 10.556486 seconds.
  path: Assets/AudioClips/Voicy_Haki sound.mp3
  artifactKey: Guid(652aad57dadecca489ff08adcf2b8a76) Importer(2089858483,192608db42251d675da83286b1cce702)
Start importing Assets/AudioClips/Voicy_Haki sound.mp3 using Guid(652aad57dadecca489ff08adcf2b8a76) Importer(2089858483,192608db42251d675da83286b1cce702) (ScriptedImporter) -> (artifact id: '617d08794a6b493a0aaee3aaf21b56e7') in 0.124412 seconds
Number of updated asset objects reloaded before import = 0Number of asset objects unloaded after import = 1

========================================================================
Received Import Request.
  Time since last request: 710.775346 seconds.
  path: Assets/AudioClips/the-sound-of-a-moving-tank.mp3
  artifactKey: Guid(df974fc2cf2ed0d489941191677339e3) Importer(2089858483,192608db42251d675da83286b1cce702)
Start importing Assets/AudioClips/the-sound-of-a-moving-tank.mp3 using Guid(df974fc2cf2ed0d489941191677339e3) Importer(2089858483,192608db42251d675da83286b1cce702) (ScriptedImporter) -> (artifact id: '57400a5c0e5470d9c3735b82f97b143e') in 0.0401393 seconds
Number of updated asset objects reloaded before import = 0Number of asset objects unloaded after import = 1

========================================================================
Received Import Request.
  Time since last request: 12.250721 seconds.
  path: Assets/AudioClips/the-sound-of-a-moving-tank.mp3
  artifactKey: Guid(df974fc2cf2ed0d489941191677339e3) Importer(815301076,1909f56bfc062723c751e8b465ee728b)
Start importing Assets/AudioClips/the-sound-of-a-moving-tank.mp3 using Guid(df974fc2cf2ed0d489941191677339e3) Importer(815301076,1909f56bfc062723c751e8b465ee728b) (PreviewImporter) -> (artifact id: 'c39bfa832c4ec8319c868edd8f8448a8') in 0.0151801 seconds
Number of updated asset objects reloaded before import = 0Number of asset objects unloaded after import = 2

========================================================================
Received Import Request.
  Time since last request: 120.913786 seconds.
  path: Assets/AudioClips/engine.mp3
  artifactKey: Guid(84480b2fe0d835643b53cfc9dce70da2) Importer(815301076,1909f56bfc062723c751e8b465ee728b)
Start importing Assets/AudioClips/engine.mp3 using Guid(84480b2fe0d835643b53cfc9dce70da2) Importer(815301076,1909f56bfc062723c751e8b465ee728b) (PreviewImporter) -> (artifact id: '7134a8e965e3e4385ddd1b8c379ed2cf') in 0.1151112 seconds
Number of updated asset objects reloaded before import = 0Number of asset objects unloaded after import = 2

========================================================================
Received Import Request.
  Time since last request: 0.842072 seconds.
  path: Assets/AudioClips/engine.mp3
  artifactKey: Guid(84480b2fe0d835643b53cfc9dce70da2) Importer(2089858483,192608db42251d675da83286b1cce702)
Start importing Assets/AudioClips/engine.mp3 using Guid(84480b2fe0d835643b53cfc9dce70da2) Importer(2089858483,192608db42251d675da83286b1cce702) (ScriptedImporter) -> (artifact id: '23433ce7bb9dd5565db46e4a532e911b') in 0.0383519 seconds
Number of updated asset objects reloaded before import = 0Number of asset objects unloaded after import = 1

========================================================================
Received Import Request.
  Time since last request: 45.195963 seconds.
  path: Assets/Prefabs/Tank 1.prefab
  artifactKey: Guid(97c7555802505744c939be693f928bea) Importer(2089858483,192608db42251d675da83286b1cce702)
Start importing Assets/Prefabs/Tank 1.prefab using Guid(97c7555802505744c939be693f928bea) Importer(2089858483,192608db42251d675da83286b1cce702) (ScriptedImporter) -> (artifact id: '7d67c14b58408c66bae522f5c50796e0') in 0.1175635 seconds
Number of updated asset objects reloaded before import = 0Number of asset objects unloaded after import = 105

========================================================================
Received Import Request.
  Time since last request: 43.685907 seconds.
  path: Assets/Prefabs/Tank 1.prefab
  artifactKey: Guid(97c7555802505744c939be693f928bea) Importer(2089858483,192608db42251d675da83286b1cce702)
Start importing Assets/Prefabs/Tank 1.prefab using Guid(97c7555802505744c939be693f928bea) Importer(2089858483,192608db42251d675da83286b1cce702) (ScriptedImporter) -> (artifact id: 'c90053c4a78bf24ffb9000d36dd8bb46') in 0.0668074 seconds
Number of updated asset objects reloaded before import = 0Number of asset objects unloaded after import = 106

========================================================================
Received Prepare
ETC Legacy compression has been deprecated and will be removed in a future release. You can review compressors in "Project Settings > Editor > Texture Compressors".
Begin MonoManager ReloadAssembly
[Licensing::Client] Successfully resolved entitlement details
Symbol file LoadedFromMemory is not a mono symbol file
- Loaded All Assemblies, in  0.609 seconds
Refreshing native plugins compatible for Editor in 6.15 ms, found 2 plugins.
Native extension for WindowsStandalone target not found
Native extension for WebGL target not found
[Package Manager] Failed to launch server process. Reason: Unity was launched with the -noUpm command-line argument
[Package Manager] Unable to send message (not connected to server process).
[Package Manager] Cannot connect to Unity Package Manager local server
Mono: successfully reloaded assembly
- Finished resetting the current domain, in  0.694 seconds
Domain Reload Profiling: 1302ms
	BeginReloadAssembly (213ms)
		ExecutionOrderSort (0ms)
		DisableScriptedObjects (7ms)
		BackupInstance (0ms)
		ReleaseScriptingObjects (0ms)
		CreateAndSetChildDomain (57ms)
	RebuildCommonClasses (37ms)
	RebuildNativeTypeToScriptingClass (12ms)
	initialDomainReloadingComplete (31ms)
	LoadAllAssembliesAndSetupDomain (314ms)
		LoadAssemblies (325ms)
		RebuildTransferFunctionScriptingTraits (0ms)
		AnalyzeDomain (92ms)
			TypeCache.Refresh (5ms)
				TypeCache.ScanAssembly (0ms)
			BuildScriptInfoCaches (80ms)
			ResolveRequiredComponents (2ms)
	FinalizeReload (695ms)
		ReleaseScriptCaches (0ms)
		RebuildScriptCaches (0ms)
		SetupLoadedEditorAssemblies (576ms)
			LogAssemblyErrors (0ms)
			InitializePlatformSupportModulesInManaged (2ms)
			SetLoadedEditorAssemblies (3ms)
			BeforeProcessingInitializeOnLoad (109ms)
			ProcessInitializeOnLoadAttributes (270ms)
			ProcessInitializeOnLoadMethodAttributes (180ms)
			AfterProcessingInitializeOnLoad (11ms)
			EditorAssembliesLoaded (0ms)
		ExecutionOrderSort2 (0ms)
		AwakeInstancesAfterBackupRestoration (11ms)
Refreshing native plugins compatible for Editor in 10.99 ms, found 2 plugins.
Preloading 0 native plugins for Editor in 0.00 ms.
Unloading 13 Unused Serialized files (Serialized files now loaded: 0)
Unloading 3035 unused Assets / (2.9 MB). Loaded Objects now: 3540.
Memory consumption went from 89.2 MB to 86.4 MB.
Total: 30.241100 ms (FindLiveObjects: 0.905800 ms CreateObjectMapping: 0.716800 ms MarkObjects: 24.827000 ms  DeleteObjects: 3.788900 ms)

Prepare: number of updated asset objects reloaded= 0
========================================================================
Received Import Request.
  Time since last request: 44.060543 seconds.
  path: Assets/Prefabs/Tank 1.prefab
  artifactKey: Guid(97c7555802505744c939be693f928bea) Importer(815301076,1909f56bfc062723c751e8b465ee728b)
Start importing Assets/Prefabs/Tank 1.prefab using Guid(97c7555802505744c939be693f928bea) Importer(815301076,1909f56bfc062723c751e8b465ee728b) (PreviewImporter) -> (artifact id: '63ad384c3c4b5b6f261b15911f27705f') in 0.2214216 seconds
Number of updated asset objects reloaded before import = 0Number of asset objects unloaded after import = 130

========================================================================
Received Import Request.
  Time since last request: 14.334594 seconds.
  path: Assets/Prefabs/Tank.prefab
  artifactKey: Guid(6b9d5081fc159834680f5a3a2b2f094c) Importer(815301076,1909f56bfc062723c751e8b465ee728b)
Start importing Assets/Prefabs/Tank.prefab using Guid(6b9d5081fc159834680f5a3a2b2f094c) Importer(815301076,1909f56bfc062723c751e8b465ee728b) (PreviewImporter) -> (artifact id: 'd5fbd8eedf194913ed04361661fce6ab') in 0.0192644 seconds
Number of updated asset objects reloaded before import = 0Number of asset objects unloaded after import = 84

========================================================================
Received Prepare
ETC Legacy compression has been deprecated and will be removed in a future release. You can review compressors in "Project Settings > Editor > Texture Compressors".
Begin MonoManager ReloadAssembly
Symbol file LoadedFromMemory is not a mono symbol file
- Loaded All Assemblies, in  0.580 seconds
Refreshing native plugins compatible for Editor in 6.69 ms, found 2 plugins.
Native extension for WindowsStandalone target not found
Native extension for WebGL target not found
[Package Manager] Failed to launch server process. Reason: Unity was launched with the -noUpm command-line argument
[Package Manager] Unable to send message (not connected to server process).
[Package Manager] Cannot connect to Unity Package Manager local server
Mono: successfully reloaded assembly
- Finished resetting the current domain, in  0.640 seconds
Domain Reload Profiling: 1219ms
	BeginReloadAssembly (206ms)
		ExecutionOrderSort (0ms)
		DisableScriptedObjects (8ms)
		BackupInstance (0ms)
		ReleaseScriptingObjects (0ms)
		CreateAndSetChildDomain (55ms)
	RebuildCommonClasses (35ms)
	RebuildNativeTypeToScriptingClass (11ms)
	initialDomainReloadingComplete (29ms)
	LoadAllAssembliesAndSetupDomain (298ms)
		LoadAssemblies (311ms)
		RebuildTransferFunctionScriptingTraits (0ms)
		AnalyzeDomain (88ms)
			TypeCache.Refresh (5ms)
				TypeCache.ScanAssembly (0ms)
			BuildScriptInfoCaches (76ms)
			ResolveRequiredComponents (3ms)
	FinalizeReload (640ms)
		ReleaseScriptCaches (0ms)
		RebuildScriptCaches (0ms)
		SetupLoadedEditorAssemblies (524ms)
			LogAssemblyErrors (0ms)
			InitializePlatformSupportModulesInManaged (3ms)
			SetLoadedEditorAssemblies (3ms)
			BeforeProcessingInitializeOnLoad (105ms)
			ProcessInitializeOnLoadAttributes (242ms)
			ProcessInitializeOnLoadMethodAttributes (162ms)
			AfterProcessingInitializeOnLoad (8ms)
			EditorAssembliesLoaded (0ms)
		ExecutionOrderSort2 (0ms)
		AwakeInstancesAfterBackupRestoration (8ms)
Refreshing native plugins compatible for Editor in 14.70 ms, found 2 plugins.
Preloading 0 native plugins for Editor in 0.00 ms.
Unloading 13 Unused Serialized files (Serialized files now loaded: 0)
Unloading 3037 unused Assets / (2.9 MB). Loaded Objects now: 3540.
Memory consumption went from 89.3 MB to 86.3 MB.
Total: 23.125700 ms (FindLiveObjects: 0.725100 ms CreateObjectMapping: 0.507200 ms MarkObjects: 18.659700 ms  DeleteObjects: 3.231500 ms)

Prepare: number of updated asset objects reloaded= 0
========================================================================
Received Import Request.
  Time since last request: 15.743646 seconds.
  path: Assets/Prefabs/Tank.prefab
  artifactKey: Guid(6b9d5081fc159834680f5a3a2b2f094c) Importer(815301076,1909f56bfc062723c751e8b465ee728b)
Start importing Assets/Prefabs/Tank.prefab using Guid(6b9d5081fc159834680f5a3a2b2f094c) Importer(815301076,1909f56bfc062723c751e8b465ee728b) (PreviewImporter) -> (artifact id: 'e46d7aadf2a37b4fa71da936e01104e5') in 0.1072352 seconds
Number of updated asset objects reloaded before import = 0Number of asset objects unloaded after import = 84

========================================================================
Received Import Request.
  Time since last request: 56.591966 seconds.
  path: Assets/Prefabs/Tank.prefab
  artifactKey: Guid(6b9d5081fc159834680f5a3a2b2f094c) Importer(815301076,1909f56bfc062723c751e8b465ee728b)
Start importing Assets/Prefabs/Tank.prefab using Guid(6b9d5081fc159834680f5a3a2b2f094c) Importer(815301076,1909f56bfc062723c751e8b465ee728b) (PreviewImporter) -> (artifact id: '6bfbe4e89db44f76326f02e5b7aa11b5') in 0.022652 seconds
Number of updated asset objects reloaded before import = 0Number of asset objects unloaded after import = 84

========================================================================
Received Prepare
ETC Legacy compression has been deprecated and will be removed in a future release. You can review compressors in "Project Settings > Editor > Texture Compressors".
Begin MonoManager ReloadAssembly
[Licensing::Client] Successfully resolved entitlement details
Symbol file LoadedFromMemory is not a mono symbol file
- Loaded All Assemblies, in  0.587 seconds
Refreshing native plugins compatible for Editor in 5.70 ms, found 2 plugins.
Native extension for WindowsStandalone target not found
Native extension for WebGL target not found
[Package Manager] Failed to launch server process. Reason: Unity was launched with the -noUpm command-line argument
[Package Manager] Unable to send message (not connected to server process).
[Package Manager] Cannot connect to Unity Package Manager local server
Mono: successfully reloaded assembly
- Finished resetting the current domain, in  0.673 seconds
Domain Reload Profiling: 1259ms
	BeginReloadAssembly (204ms)
		ExecutionOrderSort (0ms)
		DisableScriptedObjects (7ms)
		BackupInstance (0ms)
		ReleaseScriptingObjects (0ms)
		CreateAndSetChildDomain (51ms)
	RebuildCommonClasses (36ms)
	RebuildNativeTypeToScriptingClass (13ms)
	initialDomainReloadingComplete (29ms)
	LoadAllAssembliesAndSetupDomain (303ms)
		LoadAssemblies (313ms)
		RebuildTransferFunctionScriptingTraits (0ms)
		AnalyzeDomain (91ms)
			TypeCache.Refresh (6ms)
				TypeCache.ScanAssembly (0ms)
			BuildScriptInfoCaches (80ms)
			ResolveRequiredComponents (2ms)
	FinalizeReload (673ms)
		ReleaseScriptCaches (0ms)
		RebuildScriptCaches (0ms)
		SetupLoadedEditorAssemblies (561ms)
			LogAssemblyErrors (0ms)
			InitializePlatformSupportModulesInManaged (2ms)
			SetLoadedEditorAssemblies (3ms)
			BeforeProcessingInitializeOnLoad (100ms)
			ProcessInitializeOnLoadAttributes (257ms)
			ProcessInitializeOnLoadMethodAttributes (188ms)
			AfterProcessingInitializeOnLoad (9ms)
			EditorAssembliesLoaded (0ms)
		ExecutionOrderSort2 (0ms)
		AwakeInstancesAfterBackupRestoration (9ms)
Refreshing native plugins compatible for Editor in 10.87 ms, found 2 plugins.
Preloading 0 native plugins for Editor in 0.00 ms.
Unloading 13 Unused Serialized files (Serialized files now loaded: 0)
Unloading 3037 unused Assets / (3.3 MB). Loaded Objects now: 3540.
Memory consumption went from 89.3 MB to 86.0 MB.
Total: 22.830100 ms (FindLiveObjects: 1.122100 ms CreateObjectMapping: 0.818400 ms MarkObjects: 17.395400 ms  DeleteObjects: 3.491800 ms)

Prepare: number of updated asset objects reloaded= 0
========================================================================
Received Import Request.
  Time since last request: 29.655825 seconds.
  path: Assets/Prefabs/Tank 1.prefab
  artifactKey: Guid(97c7555802505744c939be693f928bea) Importer(815301076,1909f56bfc062723c751e8b465ee728b)
Start importing Assets/Prefabs/Tank 1.prefab using Guid(97c7555802505744c939be693f928bea) Importer(815301076,1909f56bfc062723c751e8b465ee728b) (PreviewImporter) -> (artifact id: '7fa218b02ab0732c9a04d3b4c6dad2b0') in 0.1214149 seconds
Number of updated asset objects reloaded before import = 0Number of asset objects unloaded after import = 129

========================================================================
Received Import Request.
  Time since last request: 8.897754 seconds.
  path: Assets/Prefabs/Tank 1.prefab
  artifactKey: Guid(97c7555802505744c939be693f928bea) Importer(815301076,1909f56bfc062723c751e8b465ee728b)
Start importing Assets/Prefabs/Tank 1.prefab using Guid(97c7555802505744c939be693f928bea) Importer(815301076,1909f56bfc062723c751e8b465ee728b) (PreviewImporter) -> (artifact id: 'eccb68f7a991540affa15c27a51ebc6f') in 0.0377861 seconds
Number of updated asset objects reloaded before import = 0Number of asset objects unloaded after import = 129

========================================================================
Received Import Request.
  Time since last request: 5.784436 seconds.
  path: Assets/Prefabs/Tank 1.prefab
  artifactKey: Guid(97c7555802505744c939be693f928bea) Importer(815301076,1909f56bfc062723c751e8b465ee728b)
Start importing Assets/Prefabs/Tank 1.prefab using Guid(97c7555802505744c939be693f928bea) Importer(815301076,1909f56bfc062723c751e8b465ee728b) (PreviewImporter) -> (artifact id: 'dc0637fb53012b1c19f4e5a51877cb40') in 0.0316852 seconds
Number of updated asset objects reloaded before import = 0Number of asset objects unloaded after import = 129

========================================================================
Received Import Request.
  Time since last request: 2.140960 seconds.
  path: Assets/Prefabs/Tank 1.prefab
  artifactKey: Guid(97c7555802505744c939be693f928bea) Importer(815301076,1909f56bfc062723c751e8b465ee728b)
Start importing Assets/Prefabs/Tank 1.prefab using Guid(97c7555802505744c939be693f928bea) Importer(815301076,1909f56bfc062723c751e8b465ee728b) (PreviewImporter) -> (artifact id: '9a7f13913c8ac9c61cc9282793d2470b') in 0.0407589 seconds
Number of updated asset objects reloaded before import = 0Number of asset objects unloaded after import = 129

========================================================================
Received Prepare
ETC Legacy compression has been deprecated and will be removed in a future release. You can review compressors in "Project Settings > Editor > Texture Compressors".
Begin MonoManager ReloadAssembly
Symbol file LoadedFromMemory is not a mono symbol file
- Loaded All Assemblies, in  0.584 seconds
Refreshing native plugins compatible for Editor in 5.45 ms, found 2 plugins.
Native extension for WindowsStandalone target not found
Native extension for WebGL target not found
[Package Manager] Failed to launch server process. Reason: Unity was launched with the -noUpm command-line argument
[Package Manager] Unable to send message (not connected to server process).
[Package Manager] Cannot connect to Unity Package Manager local server
Mono: successfully reloaded assembly
- Finished resetting the current domain, in  0.648 seconds
Domain Reload Profiling: 1231ms
	BeginReloadAssembly (204ms)
		ExecutionOrderSort (0ms)
		DisableScriptedObjects (6ms)
		BackupInstance (0ms)
		ReleaseScriptingObjects (0ms)
		CreateAndSetChildDomain (55ms)
	RebuildCommonClasses (35ms)
	RebuildNativeTypeToScriptingClass (12ms)
	initialDomainReloadingComplete (31ms)
	LoadAllAssembliesAndSetupDomain (300ms)
		LoadAssemblies (299ms)
		RebuildTransferFunctionScriptingTraits (0ms)
		AnalyzeDomain (102ms)
			TypeCache.Refresh (5ms)
				TypeCache.ScanAssembly (0ms)
			BuildScriptInfoCaches (91ms)
			ResolveRequiredComponents (3ms)
	FinalizeReload (648ms)
		ReleaseScriptCaches (0ms)
		RebuildScriptCaches (0ms)
		SetupLoadedEditorAssemblies (528ms)
			LogAssemblyErrors (0ms)
			InitializePlatformSupportModulesInManaged (2ms)
			SetLoadedEditorAssemblies (5ms)
			BeforeProcessingInitializeOnLoad (98ms)
			ProcessInitializeOnLoadAttributes (244ms)
			ProcessInitializeOnLoadMethodAttributes (168ms)
			AfterProcessingInitializeOnLoad (10ms)
			EditorAssembliesLoaded (0ms)
		ExecutionOrderSort2 (0ms)
		AwakeInstancesAfterBackupRestoration (11ms)
Refreshing native plugins compatible for Editor in 11.38 ms, found 2 plugins.
Preloading 0 native plugins for Editor in 0.00 ms.
Unloading 13 Unused Serialized files (Serialized files now loaded: 0)
Unloading 3037 unused Assets / (3.1 MB). Loaded Objects now: 3540.
Memory consumption went from 89.3 MB to 86.1 MB.
Total: 23.249700 ms (FindLiveObjects: 0.859600 ms CreateObjectMapping: 0.886800 ms MarkObjects: 18.113700 ms  DeleteObjects: 3.387800 ms)

Prepare: number of updated asset objects reloaded= 0
