
=== Sat Jun 14 11:10:16 2025

Packages were changed.
Update Mode: mergeDefaultDependencies

The following packages were added:
  com.unity.collab-proxy@1.14.18
  com.unity.ide.rider@1.2.1
  com.unity.ide.visualstudio@2.0.15
  com.unity.ide.vscode@1.2.5
  com.unity.modules.ai@1.0.0
  com.unity.modules.androidjni@1.0.0
  com.unity.modules.animation@1.0.0
  com.unity.modules.assetbundle@1.0.0
  com.unity.modules.audio@1.0.0
  com.unity.modules.cloth@1.0.0
  com.unity.modules.director@1.0.0
  com.unity.modules.imageconversion@1.0.0
  com.unity.modules.imgui@1.0.0
  com.unity.modules.jsonserialize@1.0.0
  com.unity.modules.particlesystem@1.0.0
  com.unity.modules.physics@1.0.0
  com.unity.modules.physics2d@1.0.0
  com.unity.modules.screencapture@1.0.0
  com.unity.modules.terrain@1.0.0
  com.unity.modules.terrainphysics@1.0.0
  com.unity.modules.tilemap@1.0.0
  com.unity.modules.ui@1.0.0
  com.unity.modules.uielements@1.0.0
  com.unity.modules.umbra@1.0.0
  com.unity.modules.unityanalytics@1.0.0
  com.unity.modules.unitywebrequest@1.0.0
  com.unity.modules.unitywebrequestassetbundle@1.0.0
  com.unity.modules.unitywebrequestaudio@1.0.0
  com.unity.modules.unitywebrequesttexture@1.0.0
  com.unity.modules.unitywebrequestwww@1.0.0
  com.unity.modules.vehicles@1.0.0
  com.unity.modules.video@1.0.0
  com.unity.modules.vr@1.0.0
  com.unity.modules.wind@1.0.0
  com.unity.modules.xr@1.0.0
  com.unity.test-framework@1.1.31
  com.unity.textmeshpro@2.1.6
  com.unity.timeline@1.2.18
  com.unity.ugui@1.0.0

=== Sat Jun 14 11:22:38 2025

Packages were changed.
Update Mode: mergeDefaultDependencies

The following packages were added:
  com.unity.2d.sprite@1.0.0
  com.unity.2d.tilemap@1.0.0
  com.unity.ads@2.0.8
  com.unity.analytics@3.3.5
  com.unity.multiplayer-hlapi@1.0.4
  com.unity.postprocessing@2.3.0
  com.unity.purchasing@2.0.6
  com.unity.xr.legacyinputhelpers@2.0.2

=== Fri Oct 24 02:03:43 2025

Packages were changed.
Update Mode: updateDependencies

The following packages were added:
  com.unity.ai.navigation@2.0.9
  com.unity.modules.accessibility@1.0.0
  com.unity.multiplayer.center@1.0.0
The following packages were updated:
  com.unity.ads from version 2.0.8 to 4.4.2
  com.unity.analytics from version 3.3.5 to 3.8.1
  com.unity.collab-proxy from version 1.14.18 to 2.9.3
  com.unity.ide.rider from version 1.2.1 to 3.0.38
  com.unity.ide.visualstudio from version 2.0.15 to 2.0.23
  com.unity.postprocessing from version 2.3.0 to 3.5.0
  com.unity.purchasing from version 2.0.6 to 4.12.2
  com.unity.test-framework from version 1.1.31 to 1.6.0
  com.unity.timeline from version 1.2.18 to 1.8.9
  com.unity.ugui from version 1.0.0 to 2.0.0
  com.unity.xr.legacyinputhelpers from version 2.0.2 to 2.1.12
The following packages were removed:
  com.unity.multiplayer-hlapi@1.0.4
  com.unity.textmeshpro@2.1.6
